----------

Thu May 19 2022 18:55:40 GMT+0530 (India Standard Time)

warning: LF will be replaced by CRLF in assets/bootstrap/css/bootstrap.min.css.
The file will have its original line endings in your working directory


----------

Thu May 19 2022 18:55:40 GMT+0530 (India Standard Time)

warning: LF will be replaced by CRLF in index.html.
The file will have its original line endings in your working directory


----------

Thu May 19 2022 18:55:40 GMT+0530 (India Standard Time)

warning: LF will be replaced by CRLF in assets/js/smart-forms.min.js.
The file will have its original line endings in your working directory


----------

Thu May 19 2022 18:55:40 GMT+0530 (India Standard Time)

warning: LF will be replaced by CRLF in untitled.html.
The file will have its original line endings in your working directory


----------

Thu May 19 2022 18:56:10 GMT+0530 (India Standard Time)

To https://github.com/gagandeepkakar/gagandeepkakar.github.io
   cac3da1..3d70849  main -> main


